Time resolution is 1 ps
data->227
data-> 11
data->212
data->246
data->197
data->193
data-> 67
data->168
data->205
data-> 23
Stopped at time : 125 ns : File "/home/rt7/Desktop/RTLVision/RTLVision/RTLVision.srcs/examples/new/tb_fifo_pipeline.sv" Line 75
Stopped at time : 135 ns : File "/home/rt7/Desktop/RTLVision/RTLVision/RTLVision.srcs/examples/new/tb_fifo_pipeline.sv" Line 76
Stopped at time : 135 ns : File "/home/rt7/Desktop/RTLVision/RTLVision/RTLVision.srcs/examples/new/tb_fifo_pipeline.sv" Line 76
Stopped at time : 135 ns : File "/home/rt7/Desktop/RTLVision/RTLVision/RTLVision.srcs/examples/new/tb_fifo_pipeline.sv" Line 78
read data: 
	  x   x 227 
	  x   x 193 
	205  23  23
Stopped at time : 145 ns : File "/home/rt7/Desktop/RTLVision/RTLVision/RTLVision.srcs/examples/new/tb_fifo_pipeline.sv" Line 76
Stopped at time : 145 ns : File "/home/rt7/Desktop/RTLVision/RTLVision/RTLVision.srcs/examples/new/tb_fifo_pipeline.sv" Line 76
Stopped at time : 145 ns : File "/home/rt7/Desktop/RTLVision/RTLVision/RTLVision.srcs/examples/new/tb_fifo_pipeline.sv" Line 78
read data: 
	  x 227  11 
	  x 193  67 
	 23  23   0
Stopped at time : 155 ns : File "/home/rt7/Desktop/RTLVision/RTLVision/RTLVision.srcs/examples/new/tb_fifo_pipeline.sv" Line 76
Stopped at time : 155 ns : File "/home/rt7/Desktop/RTLVision/RTLVision/RTLVision.srcs/examples/new/tb_fifo_pipeline.sv" Line 76
Stopped at time : 155 ns : File "/home/rt7/Desktop/RTLVision/RTLVision/RTLVision.srcs/examples/new/tb_fifo_pipeline.sv" Line 78
read data: 
	227  11 212 
	193  67 168 
	 23   0   1
Stopped at time : 165 ns : File "/home/rt7/Desktop/RTLVision/RTLVision/RTLVision.srcs/examples/new/tb_fifo_pipeline.sv" Line 76
Stopped at time : 165 ns : File "/home/rt7/Desktop/RTLVision/RTLVision/RTLVision.srcs/examples/new/tb_fifo_pipeline.sv" Line 76
Stopped at time : 165 ns : File "/home/rt7/Desktop/RTLVision/RTLVision/RTLVision.srcs/examples/new/tb_fifo_pipeline.sv" Line 78
read data: 
	 11 212 246 
	 67 168 205 
	  0   1   2
Stopped at time : 175 ns : File "/home/rt7/Desktop/RTLVision/RTLVision/RTLVision.srcs/examples/new/tb_fifo_pipeline.sv" Line 76
Stopped at time : 175 ns : File "/home/rt7/Desktop/RTLVision/RTLVision/RTLVision.srcs/examples/new/tb_fifo_pipeline.sv" Line 76
Stopped at time : 175 ns : File "/home/rt7/Desktop/RTLVision/RTLVision/RTLVision.srcs/examples/new/tb_fifo_pipeline.sv" Line 78
read data: 
	212 246 197 
	168 205  23 
	  1   2   3
Stopped at time : 185 ns : File "/home/rt7/Desktop/RTLVision/RTLVision/RTLVision.srcs/examples/new/tb_fifo_pipeline.sv" Line 76
Stopped at time : 185 ns : File "/home/rt7/Desktop/RTLVision/RTLVision/RTLVision.srcs/examples/new/tb_fifo_pipeline.sv" Line 76
Stopped at time : 185 ns : File "/home/rt7/Desktop/RTLVision/RTLVision/RTLVision.srcs/examples/new/tb_fifo_pipeline.sv" Line 78
read data: 
	246 197 193 
	205  23   x 
	  2   3   4
Stopped at time : 195 ns : File "/home/rt7/Desktop/RTLVision/RTLVision/RTLVision.srcs/examples/new/tb_fifo_pipeline.sv" Line 76
Stopped at time : 195 ns : File "/home/rt7/Desktop/RTLVision/RTLVision/RTLVision.srcs/examples/new/tb_fifo_pipeline.sv" Line 76
Stopped at time : 195 ns : File "/home/rt7/Desktop/RTLVision/RTLVision/RTLVision.srcs/examples/new/tb_fifo_pipeline.sv" Line 78
read data: 
	197 193  67 
	 23   x   x 
	  3   4   5
Stopped at time : 205 ns : File "/home/rt7/Desktop/RTLVision/RTLVision/RTLVision.srcs/examples/new/tb_fifo_pipeline.sv" Line 76
Stopped at time : 205 ns : File "/home/rt7/Desktop/RTLVision/RTLVision/RTLVision.srcs/examples/new/tb_fifo_pipeline.sv" Line 76
Stopped at time : 205 ns : File "/home/rt7/Desktop/RTLVision/RTLVision/RTLVision.srcs/examples/new/tb_fifo_pipeline.sv" Line 78
read data: 
	193  67 168 
	  x   x   x 
	  4   5   6
Stopped at time : 215 ns : File "/home/rt7/Desktop/RTLVision/RTLVision/RTLVision.srcs/examples/new/tb_fifo_pipeline.sv" Line 76
Stopped at time : 215 ns : File "/home/rt7/Desktop/RTLVision/RTLVision/RTLVision.srcs/examples/new/tb_fifo_pipeline.sv" Line 76
Stopped at time : 215 ns : File "/home/rt7/Desktop/RTLVision/RTLVision/RTLVision.srcs/examples/new/tb_fifo_pipeline.sv" Line 78
read data: 
	 67 168 205 
	  x   x   7 
	  5   6   7
Stopped at time : 225 ns : File "/home/rt7/Desktop/RTLVision/RTLVision/RTLVision.srcs/examples/new/tb_fifo_pipeline.sv" Line 76
Stopped at time : 225 ns : File "/home/rt7/Desktop/RTLVision/RTLVision/RTLVision.srcs/examples/new/tb_fifo_pipeline.sv" Line 76
Stopped at time : 225 ns : File "/home/rt7/Desktop/RTLVision/RTLVision/RTLVision.srcs/examples/new/tb_fifo_pipeline.sv" Line 78
read data: 
	168 205  23 
	  x   7   8 
	  6   7   8
Stopped at time : 235 ns : File "/home/rt7/Desktop/RTLVision/RTLVision/RTLVision.srcs/examples/new/tb_fifo_pipeline.sv" Line 76
Stopped at time : 235 ns : File "/home/rt7/Desktop/RTLVision/RTLVision/RTLVision.srcs/examples/new/tb_fifo_pipeline.sv" Line 76
$finish called at time : 246 ns : File "/home/rt7/Desktop/RTLVision/RTLVision/RTLVision.srcs/examples/new/tb_fifo_pipeline.sv" Line 89
INFO: xsimkernel Simulation Memory Usage: 281148 KB (Peak: 338420 KB), Simulation CPU Usage: 680 ms
